<?xml version="1.0" encoding="UTF-8"?>
<!-- Generated by org.testng.reporters.JUnitReportReporter -->
<testsuite hostname="LAPTOP-SU6EK44V" failures="0" tests="1" name="Test04_GetBookingIds" time="2.013" errors="0" timestamp="2023-06-13T11:37:40 CEST" skipped="0">
  <testcase classname="Test04_GetBookingIds" name="GetBookingIds" time="2.013"/>
  <system-out/>
</testsuite> <!-- Test04_GetBookingIds -->
