<?xml version="1.0" encoding="UTF-8"?>
<!-- Generated by org.testng.reporters.JUnitReportReporter -->
<testsuite hostname="LAPTOP-SU6EK44V" failures="0" tests="1" name="Test05_DeleteBooking" time="2.435" errors="0" timestamp="2023-06-13T11:39:51 CEST" skipped="0">
  <testcase classname="Test05_DeleteBooking" name="DeleteBooking" time="2.435"/>
  <system-out/>
</testsuite> <!-- Test05_DeleteBooking -->
