<?xml version="1.0" encoding="UTF-8"?>
<!-- Generated by org.testng.reporters.JUnitReportReporter -->
<testsuite hostname="LAPTOP-SU6EK44V" failures="0" tests="1" name="Test04b_GetyBookingIdsByCheckIn" time="1.991" errors="0" timestamp="2023-06-13T11:39:16 CEST" skipped="0">
  <testcase classname="Test04b_GetyBookingIdsByCheckIn" name="GetBookingIdsByCheckIn" time="1.991"/>
  <system-out/>
</testsuite> <!-- Test04b_GetyBookingIdsByCheckIn -->
