<?xml version="1.0" encoding="UTF-8"?>
<!-- Generated by org.testng.reporters.JUnitReportReporter -->
<testsuite hostname="LAPTOP-SU6EK44V" failures="0" tests="1" name="Test04b_GetBookingIdsByName" time="2.013" errors="0" timestamp="2023-06-13T11:46:08 CEST" skipped="0">
  <testcase classname="Test04b_GetBookingIdsByName" name="GetBookingIdsByName" time="2.013"/>
  <system-out/>
</testsuite> <!-- Test04b_GetBookingIdsByName -->
