<?xml version="1.0" encoding="UTF-8"?>
<!-- Generated by org.testng.reporters.JUnitReportReporter -->
<testsuite hostname="LAPTOP-SU6EK44V" failures="0" tests="1" name="Test03_PartialUpdateBooking" time="3.114" errors="0" timestamp="2023-06-08T12:10:19 CEST" skipped="0">
  <testcase classname="Test03_PartialUpdateBooking" name="PartialUpdateBooking" time="3.114"/>
  <system-out/>
</testsuite> <!-- Test03_PartialUpdateBooking -->
