<?xml version="1.0" encoding="UTF-8"?>
<!-- Generated by org.testng.reporters.JUnitReportReporter -->
<testsuite hostname="LAPTOP-SU6EK44V" failures="0" tests="1" name="Test04a_GetBookingIdsByName" time="1.976" errors="0" timestamp="2023-06-13T11:37:50 CEST" skipped="0">
  <testcase classname="Test04a_GetBookingIdsByName" name="GetBookingIdsByName" time="1.976"/>
  <system-out/>
</testsuite> <!-- Test04a_GetBookingIdsByName -->
