<?xml version="1.0" encoding="UTF-8"?>
<!-- Generated by org.testng.reporters.JUnitReportReporter -->
<testsuite hostname="LAPTOP-SU6EK44V" failures="0" tests="1" name="Test02_GetBookingById" time="2.503" errors="0" timestamp="2023-06-13T11:37:20 CEST" skipped="0">
  <testcase classname="Test02_GetBookingById" name="GetBookingById" time="2.503"/>
  <system-out/>
</testsuite> <!-- Test02_GetBookingById -->
