<?xml version="1.0" encoding="UTF-8"?>
<!-- Generated by org.testng.reporters.JUnitReportReporter -->
<testsuite hostname="LAPTOP-SU6EK44V" failures="0" tests="1" name="Test01_CreateBooking" time="2.330" errors="0" timestamp="2023-06-13T11:35:48 CEST" skipped="0">
  <testcase classname="Test01_CreateBooking" name="CreateBooking" time="2.330"/>
  <system-out/>
</testsuite> <!-- Test01_CreateBooking -->
